0.0
0.011
0.022
0.027
0.048
0.05
0.067
0.073
0.079
0.09
0.109
0.126
0.124
0.143
0.157
0.134
0.158
0.176
0.194
0.197
0.218
0.211
0.238
0.248
0.234
0.289
0.263
0.278
0.318
0.321
0.354
0.352
0.376
0.38
0.39
0.401
0.402
0.434
0.456
0.479
0.476
0.506
0.516
0.53
0.57
0.602
0.583
0.618
0.616
0.655
0.686
0.725
0.739
0.74
0.766
0.818
0.822
0.855
0.864
0.906
0.934
0.945
0.958
0.964
0.975
0.987
0.991
0.996
1.0
0.999
0.999
1.0
1.0
1.0
1.0
1.0
1.0
1.0
1.0
1.0
1.0
1.0
1.0
1.0
1.0
1.0
1.0
1.0
1.0
1.0
1.0
1.0
1.0
1.0
1.0
1.0
1.0
1.0
1.0
1.0
