This is pdfTeX, Version 3.14159265-2.6-1.40.16 (TeX Live 2016/dev) (preloaded format=pdflatex 2016.7.28)  17 MAR 2017 08:59
entering extended mode
 restricted \write18 enabled.
 %&-line parsing enabled.
**"Rod Tlogena.tex"
(./Rod Tlogena.tex
LaTeX2e <2015/01/01> patch level 2
Babel <3.9m> and hyphenation patterns for 78 languages loaded.
(/usr/share/texlive/texmf-dist/tex/latex/base/book.cls
Document Class: book 2014/09/29 v1.4h Standard LaTeX document class
(/usr/share/texlive/texmf-dist/tex/latex/base/bk10.clo
File: bk10.clo 2014/09/29 v1.4h Standard LaTeX file (size option)
)
\c@part=\count79
\c@chapter=\count80
\c@section=\count81
\c@subsection=\count82
\c@subsubsection=\count83
\c@paragraph=\count84
\c@subparagraph=\count85
\c@figure=\count86
\c@table=\count87
\abovecaptionskip=\skip41
\belowcaptionskip=\skip42
\bibindent=\dimen102
)
(/usr/share/texlive/texmf-dist/tex/generic/babel/babel.sty
Package: babel 2015/08/03 3.9m The Babel package

(/usr/share/texlive/texmf-dist/tex/generic/babel-slovak/slovak.ldf
Language: slovak 2008/07/06 v3.1a Slovak support from the babel system

(/usr/share/texlive/texmf-dist/tex/generic/babel/babel.def
File: babel.def 2015/08/03 3.9m Babel common definitions
\babel@savecnt=\count88
\U@D=\dimen103
)
Package babel Info: Making ^ an active character on input line 123.
Package babel Info: Making " an active character on input line 126.
Package babel Info: Making ' an active character on input line 129.
\cs@wordlen=\count89
Package babel Info: Making - an active character on input line 294.
))
(/usr/share/texlive/texmf-dist/tex/latex/base/inputenc.sty
Package: inputenc 2015/03/17 v1.2c Input encoding file
\inpenc@prehook=\toks14
\inpenc@posthook=\toks15

(/usr/share/texlive/texmf-dist/tex/latex/base/utf8.def
File: utf8.def 2015/06/27 v1.1n UTF-8 support for inputenc
Now handling font encoding OML ...
... no UTF-8 mapping file for font encoding OML
Now handling font encoding T1 ...
... processing UTF-8 mapping file for font encoding T1

(/usr/share/texlive/texmf-dist/tex/latex/base/t1enc.dfu
File: t1enc.dfu 2015/06/27 v1.1n UTF-8 support for inputenc
   defining Unicode char U+00A1 (decimal 161)
   defining Unicode char U+00A3 (decimal 163)
   defining Unicode char U+00AB (decimal 171)
   defining Unicode char U+00BB (decimal 187)
   defining Unicode char U+00BF (decimal 191)
   defining Unicode char U+00C0 (decimal 192)
   defining Unicode char U+00C1 (decimal 193)
   defining Unicode char U+00C2 (decimal 194)
   defining Unicode char U+00C3 (decimal 195)
   defining Unicode char U+00C4 (decimal 196)
   defining Unicode char U+00C5 (decimal 197)
   defining Unicode char U+00C6 (decimal 198)
   defining Unicode char U+00C7 (decimal 199)
   defining Unicode char U+00C8 (decimal 200)
   defining Unicode char U+00C9 (decimal 201)
   defining Unicode char U+00CA (decimal 202)
   defining Unicode char U+00CB (decimal 203)
   defining Unicode char U+00CC (decimal 204)
   defining Unicode char U+00CD (decimal 205)
   defining Unicode char U+00CE (decimal 206)
   defining Unicode char U+00CF (decimal 207)
   defining Unicode char U+00D0 (decimal 208)
   defining Unicode char U+00D1 (decimal 209)
   defining Unicode char U+00D2 (decimal 210)
   defining Unicode char U+00D3 (decimal 211)
   defining Unicode char U+00D4 (decimal 212)
   defining Unicode char U+00D5 (decimal 213)
   defining Unicode char U+00D6 (decimal 214)
   defining Unicode char U+00D8 (decimal 216)
   defining Unicode char U+00D9 (decimal 217)
   defining Unicode char U+00DA (decimal 218)
   defining Unicode char U+00DB (decimal 219)
   defining Unicode char U+00DC (decimal 220)
   defining Unicode char U+00DD (decimal 221)
   defining Unicode char U+00DE (decimal 222)
   defining Unicode char U+00DF (decimal 223)
   defining Unicode char U+00E0 (decimal 224)
   defining Unicode char U+00E1 (decimal 225)
   defining Unicode char U+00E2 (decimal 226)
   defining Unicode char U+00E3 (decimal 227)
   defining Unicode char U+00E4 (decimal 228)
   defining Unicode char U+00E5 (decimal 229)
   defining Unicode char U+00E6 (decimal 230)
   defining Unicode char U+00E7 (decimal 231)
   defining Unicode char U+00E8 (decimal 232)
   defining Unicode char U+00E9 (decimal 233)
   defining Unicode char U+00EA (decimal 234)
   defining Unicode char U+00EB (decimal 235)
   defining Unicode char U+00EC (decimal 236)
   defining Unicode char U+00ED (decimal 237)
   defining Unicode char U+00EE (decimal 238)
   defining Unicode char U+00EF (decimal 239)
   defining Unicode char U+00F0 (decimal 240)
   defining Unicode char U+00F1 (decimal 241)
   defining Unicode char U+00F2 (decimal 242)
   defining Unicode char U+00F3 (decimal 243)
   defining Unicode char U+00F4 (decimal 244)
   defining Unicode char U+00F5 (decimal 245)
   defining Unicode char U+00F6 (decimal 246)
   defining Unicode char U+00F8 (decimal 248)
   defining Unicode char U+00F9 (decimal 249)
   defining Unicode char U+00FA (decimal 250)
   defining Unicode char U+00FB (decimal 251)
   defining Unicode char U+00FC (decimal 252)
   defining Unicode char U+00FD (decimal 253)
   defining Unicode char U+00FE (decimal 254)
   defining Unicode char U+00FF (decimal 255)
   defining Unicode char U+0102 (decimal 258)
   defining Unicode char U+0103 (decimal 259)
   defining Unicode char U+0104 (decimal 260)
   defining Unicode char U+0105 (decimal 261)
   defining Unicode char U+0106 (decimal 262)
   defining Unicode char U+0107 (decimal 263)
   defining Unicode char U+010C (decimal 268)
   defining Unicode char U+010D (decimal 269)
   defining Unicode char U+010E (decimal 270)
   defining Unicode char U+010F (decimal 271)
   defining Unicode char U+0110 (decimal 272)
   defining Unicode char U+0111 (decimal 273)
   defining Unicode char U+0118 (decimal 280)
   defining Unicode char U+0119 (decimal 281)
   defining Unicode char U+011A (decimal 282)
   defining Unicode char U+011B (decimal 283)
   defining Unicode char U+011E (decimal 286)
   defining Unicode char U+011F (decimal 287)
   defining Unicode char U+0130 (decimal 304)
   defining Unicode char U+0131 (decimal 305)
   defining Unicode char U+0132 (decimal 306)
   defining Unicode char U+0133 (decimal 307)
   defining Unicode char U+0139 (decimal 313)
   defining Unicode char U+013A (decimal 314)
   defining Unicode char U+013D (decimal 317)
   defining Unicode char U+013E (decimal 318)
   defining Unicode char U+0141 (decimal 321)
   defining Unicode char U+0142 (decimal 322)
   defining Unicode char U+0143 (decimal 323)
   defining Unicode char U+0144 (decimal 324)
   defining Unicode char U+0147 (decimal 327)
   defining Unicode char U+0148 (decimal 328)
   defining Unicode char U+014A (decimal 330)
   defining Unicode char U+014B (decimal 331)
   defining Unicode char U+0150 (decimal 336)
   defining Unicode char U+0151 (decimal 337)
   defining Unicode char U+0152 (decimal 338)
   defining Unicode char U+0153 (decimal 339)
   defining Unicode char U+0154 (decimal 340)
   defining Unicode char U+0155 (decimal 341)
   defining Unicode char U+0158 (decimal 344)
   defining Unicode char U+0159 (decimal 345)
   defining Unicode char U+015A (decimal 346)
   defining Unicode char U+015B (decimal 347)
   defining Unicode char U+015E (decimal 350)
   defining Unicode char U+015F (decimal 351)
   defining Unicode char U+0160 (decimal 352)
   defining Unicode char U+0161 (decimal 353)
   defining Unicode char U+0162 (decimal 354)
   defining Unicode char U+0163 (decimal 355)
   defining Unicode char U+0164 (decimal 356)
   defining Unicode char U+0165 (decimal 357)
   defining Unicode char U+016E (decimal 366)
   defining Unicode char U+016F (decimal 367)
   defining Unicode char U+0170 (decimal 368)
   defining Unicode char U+0171 (decimal 369)
   defining Unicode char U+0178 (decimal 376)
   defining Unicode char U+0179 (decimal 377)
   defining Unicode char U+017A (decimal 378)
   defining Unicode char U+017B (decimal 379)
   defining Unicode char U+017C (decimal 380)
   defining Unicode char U+017D (decimal 381)
   defining Unicode char U+017E (decimal 382)
   defining Unicode char U+200C (decimal 8204)
   defining Unicode char U+2013 (decimal 8211)
   defining Unicode char U+2014 (decimal 8212)
   defining Unicode char U+2018 (decimal 8216)
   defining Unicode char U+2019 (decimal 8217)
   defining Unicode char U+201A (decimal 8218)
   defining Unicode char U+201C (decimal 8220)
   defining Unicode char U+201D (decimal 8221)
   defining Unicode char U+201E (decimal 8222)
   defining Unicode char U+2030 (decimal 8240)
   defining Unicode char U+2031 (decimal 8241)
   defining Unicode char U+2039 (decimal 8249)
   defining Unicode char U+203A (decimal 8250)
   defining Unicode char U+2423 (decimal 9251)
)
Now handling font encoding OT1 ...
... processing UTF-8 mapping file for font encoding OT1

(/usr/share/texlive/texmf-dist/tex/latex/base/ot1enc.dfu
File: ot1enc.dfu 2015/06/27 v1.1n UTF-8 support for inputenc
   defining Unicode char U+00A1 (decimal 161)
   defining Unicode char U+00A3 (decimal 163)
   defining Unicode char U+00B8 (decimal 184)
   defining Unicode char U+00BF (decimal 191)
   defining Unicode char U+00C5 (decimal 197)
   defining Unicode char U+00C6 (decimal 198)
   defining Unicode char U+00D8 (decimal 216)
   defining Unicode char U+00DF (decimal 223)
   defining Unicode char U+00E6 (decimal 230)
   defining Unicode char U+00EC (decimal 236)
   defining Unicode char U+00ED (decimal 237)
   defining Unicode char U+00EE (decimal 238)
   defining Unicode char U+00EF (decimal 239)
   defining Unicode char U+00F8 (decimal 248)
   defining Unicode char U+0131 (decimal 305)
   defining Unicode char U+0141 (decimal 321)
   defining Unicode char U+0142 (decimal 322)
   defining Unicode char U+0152 (decimal 338)
   defining Unicode char U+0153 (decimal 339)
   defining Unicode char U+2013 (decimal 8211)
   defining Unicode char U+2014 (decimal 8212)
   defining Unicode char U+2018 (decimal 8216)
   defining Unicode char U+2019 (decimal 8217)
   defining Unicode char U+201C (decimal 8220)
   defining Unicode char U+201D (decimal 8221)
)
Now handling font encoding OMS ...
... processing UTF-8 mapping file for font encoding OMS

(/usr/share/texlive/texmf-dist/tex/latex/base/omsenc.dfu
File: omsenc.dfu 2015/06/27 v1.1n UTF-8 support for inputenc
   defining Unicode char U+00A7 (decimal 167)
   defining Unicode char U+00B6 (decimal 182)
   defining Unicode char U+00B7 (decimal 183)
   defining Unicode char U+2020 (decimal 8224)
   defining Unicode char U+2021 (decimal 8225)
   defining Unicode char U+2022 (decimal 8226)
)
Now handling font encoding OMX ...
... no UTF-8 mapping file for font encoding OMX
Now handling font encoding U ...
... no UTF-8 mapping file for font encoding U
   defining Unicode char U+00A9 (decimal 169)
   defining Unicode char U+00AA (decimal 170)
   defining Unicode char U+00AE (decimal 174)
   defining Unicode char U+00BA (decimal 186)
   defining Unicode char U+02C6 (decimal 710)
   defining Unicode char U+02DC (decimal 732)
   defining Unicode char U+200C (decimal 8204)
   defining Unicode char U+2026 (decimal 8230)
   defining Unicode char U+2122 (decimal 8482)
   defining Unicode char U+2423 (decimal 9251)
))
(/usr/share/texlive/texmf-dist/tex/latex/microtype/microtype.sty
Package: microtype 2013/05/23 v2.5a Micro-typographical refinements (RS)

(/usr/share/texlive/texmf-dist/tex/latex/graphics/keyval.sty
Package: keyval 2014/10/28 v1.15 key=value parser (DPC)
\KV@toks@=\toks16
)
\MT@toks=\toks17
\MT@count=\count90
LaTeX Info: Redefining \textls on input line 766.
\MT@outer@kern=\dimen104
LaTeX Info: Redefining \textmicrotypecontext on input line 1285.
\MT@listname@count=\count91

(/usr/share/texlive/texmf-dist/tex/latex/microtype/microtype-pdftex.def
File: microtype-pdftex.def 2013/05/23 v2.5a Definitions specific to pdftex (RS)

LaTeX Info: Redefining \lsstyle on input line 915.
LaTeX Info: Redefining \lslig on input line 915.
\MT@outer@space=\skip43
)
Package microtype Info: Loading configuration file microtype.cfg.

(/usr/share/texlive/texmf-dist/tex/latex/microtype/microtype.cfg
File: microtype.cfg 2013/05/23 v2.5a microtype main configuration file (RS)
))
(/usr/share/texlive/texmf-dist/tex/latex/fancyhdr/fancyhdr.sty
\fancy@headwidth=\skip44
\f@ncyO@elh=\skip45
\f@ncyO@erh=\skip46
\f@ncyO@olh=\skip47
\f@ncyO@orh=\skip48
\f@ncyO@elf=\skip49
\f@ncyO@erf=\skip50
\f@ncyO@olf=\skip51
\f@ncyO@orf=\skip52
)
(/usr/share/texlive/texmf-dist/tex/latex/amsmath/amsmath.sty
Package: amsmath 2013/01/14 v2.14 AMS math features
\@mathmargin=\skip53

For additional information on amsmath, use the `?' option.
(/usr/share/texlive/texmf-dist/tex/latex/amsmath/amstext.sty
Package: amstext 2000/06/29 v2.01

(/usr/share/texlive/texmf-dist/tex/latex/amsmath/amsgen.sty
File: amsgen.sty 1999/11/30 v2.0
\@emptytoks=\toks18
\ex@=\dimen105
))
(/usr/share/texlive/texmf-dist/tex/latex/amsmath/amsbsy.sty
Package: amsbsy 1999/11/29 v1.2d
\pmbraise@=\dimen106
)
(/usr/share/texlive/texmf-dist/tex/latex/amsmath/amsopn.sty
Package: amsopn 1999/12/14 v2.01 operator names
)
\inf@bad=\count92
LaTeX Info: Redefining \frac on input line 210.
\uproot@=\count93
\leftroot@=\count94
LaTeX Info: Redefining \overline on input line 306.
\classnum@=\count95
\DOTSCASE@=\count96
LaTeX Info: Redefining \ldots on input line 378.
LaTeX Info: Redefining \dots on input line 381.
LaTeX Info: Redefining \cdots on input line 466.
\Mathstrutbox@=\box26
\strutbox@=\box27
\big@size=\dimen107
LaTeX Font Info:    Redeclaring font encoding OML on input line 566.
LaTeX Font Info:    Redeclaring font encoding OMS on input line 567.
\macc@depth=\count97
\c@MaxMatrixCols=\count98
\dotsspace@=\muskip10
\c@parentequation=\count99
\dspbrk@lvl=\count100
\tag@help=\toks19
\row@=\count101
\column@=\count102
\maxfields@=\count103
\andhelp@=\toks20
\eqnshift@=\dimen108
\alignsep@=\dimen109
\tagshift@=\dimen110
\tagwidth@=\dimen111
\totwidth@=\dimen112
\lineht@=\dimen113
\@envbody=\toks21
\multlinegap=\skip54
\multlinetaggap=\skip55
\mathdisplay@stack=\toks22
LaTeX Info: Redefining \[ on input line 2665.
LaTeX Info: Redefining \] on input line 2666.
)
(/usr/share/texlive/texmf-dist/tex/latex/amsfonts/amssymb.sty
Package: amssymb 2013/01/14 v3.01 AMS font symbols

(/usr/share/texlive/texmf-dist/tex/latex/amsfonts/amsfonts.sty
Package: amsfonts 2013/01/14 v3.01 Basic AMSFonts support
\symAMSa=\mathgroup4
\symAMSb=\mathgroup5
LaTeX Font Info:    Overwriting math alphabet `\mathfrak' in version `bold'
(Font)                  U/euf/m/n --> U/euf/b/n on input line 106.
))
(/usr/share/texlive/texmf-dist/tex/latex/base/latexsym.sty
Package: latexsym 1998/08/17 v2.2e Standard LaTeX package (lasy symbols)
\symlasy=\mathgroup6
LaTeX Font Info:    Overwriting symbol font `lasy' in version `bold'
(Font)                  U/lasy/m/n --> U/lasy/b/n on input line 52.
)
(/usr/share/texlive/texmf-dist/tex/latex/subfig/subfig.sty
Package: subfig 2005/06/28 ver: 1.3 subfig package

(/usr/share/texlive/texmf-dist/tex/latex/caption/caption.sty
Package: caption 2013/05/02 v3.3-89 Customizing captions (AR)

(/usr/share/texlive/texmf-dist/tex/latex/caption/caption3.sty
Package: caption3 2013/05/02 v1.6-88 caption3 kernel (AR)
Package caption3 Info: TeX engine: e-TeX on input line 57.
\captionmargin=\dimen114
\captionmargin@=\dimen115
\captionwidth=\dimen116
\caption@tempdima=\dimen117
\caption@indent=\dimen118
\caption@parindent=\dimen119
\caption@hangindent=\dimen120
)
\c@ContinuedFloat=\count104
)
\c@KVtest=\count105
\sf@farskip=\skip56
\sf@captopadj=\dimen121
\sf@capskip=\skip57
\sf@nearskip=\skip58
\c@subfigure=\count106
\c@subfigure@save=\count107
\c@lofdepth=\count108
\c@subtable=\count109
\c@subtable@save=\count110
\c@lotdepth=\count111
\sf@top=\skip59
\sf@bottom=\skip60
)
(/usr/share/texlive/texmf-dist/tex/latex/hyperref/hyperref.sty
Package: hyperref 2012/11/06 v6.83m Hypertext links for LaTeX

(/usr/share/texlive/texmf-dist/tex/generic/oberdiek/hobsub-hyperref.sty
Package: hobsub-hyperref 2012/05/28 v1.13 Bundle oberdiek, subset hyperref (HO)


(/usr/share/texlive/texmf-dist/tex/generic/oberdiek/hobsub-generic.sty
Package: hobsub-generic 2012/05/28 v1.13 Bundle oberdiek, subset generic (HO)
Package: hobsub 2012/05/28 v1.13 Construct package bundles (HO)
Package: infwarerr 2010/04/08 v1.3 Providing info/warning/error messages (HO)
Package: ltxcmds 2011/11/09 v1.22 LaTeX kernel commands for general use (HO)
Package: ifluatex 2010/03/01 v1.3 Provides the ifluatex switch (HO)
Package ifluatex Info: LuaTeX not detected.
Package: ifvtex 2010/03/01 v1.5 Detect VTeX and its facilities (HO)
Package ifvtex Info: VTeX not detected.
Package: intcalc 2007/09/27 v1.1 Expandable calculations with integers (HO)
Package: ifpdf 2011/01/30 v2.3 Provides the ifpdf switch (HO)
Package ifpdf Info: pdfTeX in PDF mode is detected.
Package: etexcmds 2011/02/16 v1.5 Avoid name clashes with e-TeX commands (HO)
Package etexcmds Info: Could not find \expanded.
(etexcmds)             That can mean that you are not using pdfTeX 1.50 or
(etexcmds)             that some package has redefined \expanded.
(etexcmds)             In the latter case, load this package earlier.
Package: kvsetkeys 2012/04/25 v1.16 Key value parser (HO)
Package: kvdefinekeys 2011/04/07 v1.3 Define keys (HO)
Package: pdftexcmds 2011/11/29 v0.20 Utility functions of pdfTeX for LuaTeX (HO
)
Package pdftexcmds Info: LuaTeX not detected.
Package pdftexcmds Info: \pdf@primitive is available.
Package pdftexcmds Info: \pdf@ifprimitive is available.
Package pdftexcmds Info: \pdfdraftmode found.
Package: pdfescape 2011/11/25 v1.13 Implements pdfTeX's escape features (HO)
Package: bigintcalc 2012/04/08 v1.3 Expandable calculations on big integers (HO
)
Package: bitset 2011/01/30 v1.1 Handle bit-vector datatype (HO)
Package: uniquecounter 2011/01/30 v1.2 Provide unlimited unique counter (HO)
)
Package hobsub Info: Skipping package `hobsub' (already loaded).
Package: letltxmacro 2010/09/02 v1.4 Let assignment for LaTeX macros (HO)
Package: hopatch 2012/05/28 v1.2 Wrapper for package hooks (HO)
Package: xcolor-patch 2011/01/30 xcolor patch
Package: atveryend 2011/06/30 v1.8 Hooks at the very end of document (HO)
Package atveryend Info: \enddocument detected (standard20110627).
Package: atbegshi 2011/10/05 v1.16 At begin shipout hook (HO)
Package: refcount 2011/10/16 v3.4 Data extraction from label references (HO)
Package: hycolor 2011/01/30 v1.7 Color options for hyperref/bookmark (HO)
)
(/usr/share/texlive/texmf-dist/tex/generic/ifxetex/ifxetex.sty
Package: ifxetex 2010/09/12 v0.6 Provides ifxetex conditional
)
(/usr/share/texlive/texmf-dist/tex/latex/oberdiek/auxhook.sty
Package: auxhook 2011/03/04 v1.3 Hooks for auxiliary files (HO)
)
(/usr/share/texlive/texmf-dist/tex/latex/oberdiek/kvoptions.sty
Package: kvoptions 2011/06/30 v3.11 Key value format for package options (HO)
)
\@linkdim=\dimen122
\Hy@linkcounter=\count112
\Hy@pagecounter=\count113

(/usr/share/texlive/texmf-dist/tex/latex/hyperref/pd1enc.def
File: pd1enc.def 2012/11/06 v6.83m Hyperref: PDFDocEncoding definition (HO)
Now handling font encoding PD1 ...
... no UTF-8 mapping file for font encoding PD1
)
\Hy@SavedSpaceFactor=\count114

(/usr/share/texlive/texmf-dist/tex/latex/latexconfig/hyperref.cfg
File: hyperref.cfg 2002/06/06 v1.2 hyperref configuration of TeXLive
)
Package hyperref Info: Hyper figures OFF on input line 4443.
Package hyperref Info: Link nesting OFF on input line 4448.
Package hyperref Info: Hyper index ON on input line 4451.
Package hyperref Info: Plain pages OFF on input line 4458.
Package hyperref Info: Backreferencing OFF on input line 4463.
Package hyperref Info: Implicit mode ON; LaTeX internals redefined.
Package hyperref Info: Bookmarks ON on input line 4688.
\c@Hy@tempcnt=\count115

(/usr/share/texlive/texmf-dist/tex/latex/url/url.sty
\Urlmuskip=\muskip11
Package: url 2013/09/16  ver 3.4  Verb mode for urls, etc.
)
LaTeX Info: Redefining \url on input line 5041.
\XeTeXLinkMargin=\dimen123
\Fld@menulength=\count116
\Field@Width=\dimen124
\Fld@charsize=\dimen125
Package hyperref Info: Hyper figures OFF on input line 6295.
Package hyperref Info: Link nesting OFF on input line 6300.
Package hyperref Info: Hyper index ON on input line 6303.
Package hyperref Info: backreferencing OFF on input line 6310.
Package hyperref Info: Link coloring OFF on input line 6315.
Package hyperref Info: Link coloring with OCG OFF on input line 6320.
Package hyperref Info: PDF/A mode OFF on input line 6325.
LaTeX Info: Redefining \ref on input line 6365.
LaTeX Info: Redefining \pageref on input line 6369.
\Hy@abspage=\count117
\c@Item=\count118
\c@Hfootnote=\count119
)

Package hyperref Message: Driver (autodetected): hpdftex.

(/usr/share/texlive/texmf-dist/tex/latex/hyperref/hpdftex.def
File: hpdftex.def 2012/11/06 v6.83m Hyperref driver for pdfTeX
\Fld@listcount=\count120
\c@bookmark@seq@number=\count121

(/usr/share/texlive/texmf-dist/tex/latex/oberdiek/rerunfilecheck.sty
Package: rerunfilecheck 2011/04/15 v1.7 Rerun checks for auxiliary files (HO)
Package uniquecounter Info: New unique counter `rerunfilecheck' on input line 2
82.
)
\Hy@SectionHShift=\skip61
)
(/usr/share/texlive/texmf-dist/tex/latex/graphics/graphicx.sty
Package: graphicx 2014/10/28 v1.0g Enhanced LaTeX Graphics (DPC,SPQR)

(/usr/share/texlive/texmf-dist/tex/latex/graphics/graphics.sty
Package: graphics 2014/10/28 v1.0p Standard LaTeX Graphics (DPC,SPQR)

(/usr/share/texlive/texmf-dist/tex/latex/graphics/trig.sty
Package: trig 1999/03/16 v1.09 sin cos tan (DPC)
)
(/usr/share/texlive/texmf-dist/tex/latex/latexconfig/graphics.cfg
File: graphics.cfg 2010/04/23 v1.9 graphics configuration of TeX Live
)
Package graphics Info: Driver file: pdftex.def on input line 94.

(/usr/share/texlive/texmf-dist/tex/latex/pdftex-def/pdftex.def
File: pdftex.def 2011/05/27 v0.06d Graphics/color for pdfTeX
\Gread@gobject=\count122
))
\Gin@req@height=\dimen126
\Gin@req@width=\dimen127
)
(./Rod Tlogena.aux)
\openout1 = `"Rod Tlogena.aux"'.

LaTeX Font Info:    Checking defaults for OML/cmm/m/it on input line 28.
LaTeX Font Info:    ... okay on input line 28.
LaTeX Font Info:    Checking defaults for T1/cmr/m/n on input line 28.
LaTeX Font Info:    ... okay on input line 28.
LaTeX Font Info:    Checking defaults for OT1/cmr/m/n on input line 28.
LaTeX Font Info:    ... okay on input line 28.
LaTeX Font Info:    Checking defaults for OMS/cmsy/m/n on input line 28.
LaTeX Font Info:    ... okay on input line 28.
LaTeX Font Info:    Checking defaults for OMX/cmex/m/n on input line 28.
LaTeX Font Info:    ... okay on input line 28.
LaTeX Font Info:    Checking defaults for U/cmr/m/n on input line 28.
LaTeX Font Info:    ... okay on input line 28.
LaTeX Font Info:    Checking defaults for PD1/pdf/m/n on input line 28.
LaTeX Font Info:    ... okay on input line 28.
LaTeX Info: Redefining \microtypecontext on input line 28.
Package microtype Info: Generating PDF output.
Package microtype Info: Character protrusion enabled (level 2).
Package microtype Info: Using default protrusion set `alltext'.
Package microtype Info: Automatic font expansion enabled (level 2),
(microtype)             stretch: 20, shrink: 20, step: 1, non-selected.
Package microtype Info: Using default expansion set `basictext'.
Package microtype Info: No adjustment of tracking.
Package microtype Info: No adjustment of interword spacing.
Package microtype Info: No adjustment of character kerning.

(/usr/share/texlive/texmf-dist/tex/latex/microtype/mt-cmr.cfg
File: mt-cmr.cfg 2013/05/19 v2.2 microtype config. file: Computer Modern Roman 
(RS)
)
Package caption Info: Begin \AtBeginDocument code.
Package caption Info: subfig package v1.3 is loaded.
Package caption Info: hyperref package is loaded.
Package caption Info: End \AtBeginDocument code.
\AtBeginShipoutBox=\box28
Package hyperref Info: Link coloring OFF on input line 28.

(/usr/share/texlive/texmf-dist/tex/latex/hyperref/nameref.sty
Package: nameref 2012/10/27 v2.43 Cross-referencing by name of section

(/usr/share/texlive/texmf-dist/tex/generic/oberdiek/gettitlestring.sty
Package: gettitlestring 2010/12/03 v1.4 Cleanup title references (HO)
)
\c@section@level=\count123
)
LaTeX Info: Redefining \ref on input line 28.
LaTeX Info: Redefining \pageref on input line 28.
LaTeX Info: Redefining \nameref on input line 28.

(./Rod Tlogena.out) (./Rod Tlogena.out)
\@outlinefile=\write3
\openout3 = `"Rod Tlogena.out"'.


(/usr/share/texlive/texmf-dist/tex/context/base/supp-pdf.mkii
[Loading MPS to PDF converter (version 2006.09.02).]
\scratchcounter=\count124
\scratchdimen=\dimen128
\scratchbox=\box29
\nofMPsegments=\count125
\nofMParguments=\count126
\everyMPshowfont=\toks23
\MPscratchCnt=\count127
\MPscratchDim=\dimen129
\MPnumerator=\count128
\makeMPintoPDFobject=\count129
\everyMPtoPDFconversion=\toks24
) (/usr/share/texlive/texmf-dist/tex/latex/oberdiek/epstopdf-base.sty
Package: epstopdf-base 2010/02/09 v2.5 Base part for package epstopdf

(/usr/share/texlive/texmf-dist/tex/latex/oberdiek/grfext.sty
Package: grfext 2010/08/19 v1.1 Manage graphics extensions (HO)
)
Package grfext Info: Graphics extension search list:
(grfext)             [.pdf,.png,.jpg,.eps]
(grfext)             \AppendGraphicsExtensions on input line 452.

(/usr/share/texlive/texmf-dist/tex/latex/latexconfig/epstopdf-sys.cfg
File: epstopdf-sys.cfg 2010/07/13 v1.3 Configuration of (r)epstopdf for TeX Liv
e
))
LaTeX Font Info:    Try loading font information for U+msa on input line 31.

(/usr/share/texlive/texmf-dist/tex/latex/amsfonts/umsa.fd
File: umsa.fd 2013/01/14 v3.01 AMS symbols A
)
(/usr/share/texlive/texmf-dist/tex/latex/microtype/mt-msa.cfg
File: mt-msa.cfg 2006/02/04 v1.1 microtype config. file: AMS symbols (a) (RS)
)
LaTeX Font Info:    Try loading font information for U+msb on input line 31.

(/usr/share/texlive/texmf-dist/tex/latex/amsfonts/umsb.fd
File: umsb.fd 2013/01/14 v3.01 AMS symbols B
)
(/usr/share/texlive/texmf-dist/tex/latex/microtype/mt-msb.cfg
File: mt-msb.cfg 2005/06/01 v1.0 microtype config. file: AMS symbols (b) (RS)
)
LaTeX Font Info:    Try loading font information for U+lasy on input line 31.

(/usr/share/texlive/texmf-dist/tex/latex/base/ulasy.fd
File: ulasy.fd 1998/08/17 v2.2e LaTeX symbol font definitions
) [1


{/usr/share/texlive/texmf-dist/fonts/map/pdftex/updmap/pdftex.map}] [2

] (./Rod Tlogena.toc [3])
\tf@toc=\write4
\openout4 = `"Rod Tlogena.toc"'.


[4] [5

] [6] [7] [8

]
Kapitola 1.
[9] [10] [11] [12] [13] [14

]
Kapitola 2.

Package hyperref Warning: Composite letter `\textasciicaron+t'
(hyperref)                not defined in PD1 encoding,
(hyperref)                removing `\textasciicaron' on input line 265.

[15] [16] [17] [18] [19] [20] [21] [22]
Kapitola 3.
[23

]
Overfull \hbox (7.9533pt too wide) in paragraph at lines 694--695
[]\OT1/cmr/m/n/10 (-20) "[]U^^Tzasn^^Se. V Lond^^Syne p^ojdeme tax^^S^^Pkom na 
Sto-ne-henge. Bude pre n^^Sas bezpe^^Tcnej^^Tsie
 []


Overfull \hbox (9.20782pt too wide) in paragraph at lines 712--713
[]\OT1/cmr/m/n/10 (-20) "Klon sa preb^^Sudza, okam^^Tzite mu dajte nark^^Sozu! 
Nem^o^^Tzeme do-pus-tit[] prebudenie!"$$ 
 []

[24] [25]
Package microtype Info: Loading generic settings for font family
(microtype)             `cmtt' (encoding: OT1).
(microtype)             For optimal results, create family-specific settings.
(microtype)             See the microtype manual for details.
 [26] [27] [28] [29] [30] [31] [32]
Kapitola 4.
[33

] [34] [35] [36] [37] [38] [39] [40] [41] [42] [43] [44]
Kapitola 5.
[45

] [46] [47] [48] [49] [50] [51] [52] [53]
Overfull \hbox (0.47105pt too wide) in paragraph at lines 1994--1995
[]\OT1/cmr/m/n/10 (-20) "$$Vitajte Morja, som Oko, ak m^o^^Tzete, resp. ak chce
te tak ma pros^^S^^Pm nasledujte."$$
 []

[54] [55] [56]
Kapitola 6.
[57

] [58] [59] [60] [61]
Overfull \hbox (8.53004pt too wide) in paragraph at lines 2356--2357
[]\OT1/cmr/m/n/10 (-20) "$$Aby som ne-za-budla od-po-ve-dat[], spo-mienky s^^Su
 podl[]a Mrany v mieste Cec^^S^^Pliin^^Sych
 []

[62] [63] [64] [65] [66] [67] [68] [69] [70

]
Kapitola 7.

Package hyperref Warning: Composite letter `\textasciicaron+c'
(hyperref)                not defined in PD1 encoding,
(hyperref)                removing `\textasciicaron' on input line 2675.

[71] [72] [73] [74] [75]
Overfull \hbox (7.89334pt too wide) in paragraph at lines 2961--2962
[]\OT1/cmr/m/n/10 (-20) "$$Toto je vec me-dzi Iza-be-tou a mnou."$$ A vz^^Sap[]
at^^S^^P do-dala. "$$A Mor-jou Tlogenovou."$$
 []

[76] [77] [78] [79] [80]
Kapitola 8.
[81

]
Overfull \hbox (0.3194pt too wide) in paragraph at lines 3162--3163
[]\OT1/cmr/m/n/10 (-20) Mo^^Tznosti spo-je-nia v^^Tsetk^^Sych kraj^^S^^Pn Wy-my
s-len-ska, sa najsk^or zdali ako nemo^^Tzn^^Se.
 []

[82]
Overfull \hbox (17.12659pt too wide) in paragraph at lines 3216--3217
[]\OT1/cmr/m/n/10 (-20) "$$Ma^^Tci^^Tckoes. Za-tial[] naj^^Su^^Tcinnej^^Tsia fo
rma pre-pravy vo Wy-mys-len-sku a v spolo^^Tcenstve
 []

[83] [84] [85] [86] [87] [88]
Overfull \hbox (5.63774pt too wide) in paragraph at lines 3544--3545
[]\OT1/cmr/m/n/10 (-20) "$$Te^^Soriu re-la-ti-vity tu ne-predn^^Sa^^Tsaj Leana.
"$$ Po-ve-dala Bella a jedna z kry^^Tstalick^^Sych
 []

[89] [90] [91] [92]
Kapitola 9.
[93

] [94] [95] [96] [97] [98] [99] [100] [101] [102]
Kapitola 10.

Package hyperref Warning: Composite letter `\textasciicaron+c'
(hyperref)                not defined in PD1 encoding,
(hyperref)                removing `\textasciicaron' on input line 3986.

[103

] [104] [105] [106] [107] [108] [109]
Overfull \hbox (3.55826pt too wide) in paragraph at lines 4300--4301
[]\OT1/cmr/m/n/10 (-20) "$$Len pri-bli^^Tzne. Viem kde m^^Sam tie veci hl[]adat
[]. Keby som ich na-raz potrebovala."$$ 
 []

[110] [111] [112] [113] [114]
Kapitola 11.
[115

] [116] [117] [118] [119] [120] [121] [122] [123] [124] [125] [126]
[127] [128] [129] [130] [131] [132] [133] [134] [135] [136] [137] [138

]
Kapitola 12.

Overfull \hbox (11.98677pt too wide) in paragraph at lines 5768--5769
[]\OT1/cmr/m/n/10 (-20) "$$Programovanie, Wy-mys-len-sko, D, spolo^^Tcenstvo M,
 fy-zika, v^^Syznam ^^Tzivota...vyber
 []

[139] [140] [141] [142] [143] [144] [145] [146]
Overfull \hbox (6.54845pt too wide) in paragraph at lines 6120--6121
[]\OT1/cmr/m/n/10 (-20) "$$Ale to byt[] po-trebn^^Sy je vy-soko ab-s-traktn^^Sy
 po-jem, a tak^^Sa oby^^Tcajn^^Sa hlagenovka..."$$ 
 []

[147] [148] [149]
Overfull \hbox (30.1938pt too wide) in paragraph at lines 6314--6315
[]\OT1/cmr/m/n/10 (-20) "$$Zabudnutia od Gli'isi^^Tje Ch^^Tg[]hiefovej. Rok vy-
da-nia { tis^^S^^Pcdev[]at[]stodev[]at[]desiatosem.
 []

[150]
Overfull \hbox (1.12926pt too wide) in paragraph at lines 6388--6389
[]\OT1/cmr/m/n/10 (-20) "$$My sme do toho i^^Tsli dob-ro-vol[]ne, ale s^^Suhlas
^^S^^Pm. Tak... Ideme te-raz ma^^Tci^^Tckoesom,
 []

[151] [152] [153] [154]
Overfull \hbox (8.75562pt too wide) in paragraph at lines 6524--6525
\OT1/cmr/m/n/10 (-20) d^^Tna, kedy M[]anchenov^^Sa za^^Tcala fi-gu-ro-vat[] na 
zo-zname os^ob pozn^^Samkou "$$nebezpe^^Tcn^^Sy/^^Sa
 []

[155] [156

]
Kapitola 13.

Package hyperref Warning: Composite letter `\textasciicaron+c'
(hyperref)                not defined in PD1 encoding,
(hyperref)                removing `\textasciicaron' on input line 6532.

[157] [158] [159] [160] [161] [162]
Overfull \hbox (4.68216pt too wide) in paragraph at lines 6842--6843
[]\OT1/cmr/m/n/10 (-20) "$$Nedopatrenie. Bol to boj. A v tom..."$$ Odml^^Tcala 
sa a po-kra^^Tcovala. "$$Podozrieva^^Ts
 []

[163] [164] [165] [166] [167] [168] [169] [170] [171] [172]
Overfull \hbox (8.0538pt too wide) in paragraph at lines 7254--7255
[]\OT1/cmr/m/n/10 (-20) "$$T^^Sym ho-vor^^S^^P^^Ts, ^^Tze ak by l[]udia nech-ce
li spolo^^Tcenstvo, ale D alebo Wymyslensko...?"$$
 []

[173] [174

]
Kapitola 14.
[175] [176] [177] [178] [179]
Overfull \hbox (7.93117pt too wide) in paragraph at lines 7437--7438
\OT1/cmr/m/n/10 (-20) vcelku kr^^Satky. Prv^^Se dve osoby boli s najv[]a^^Tc^^T
sou prav-de-po-dob-nost[]ou pri M[]anchenovej,
 []

[180] [181] [182] [183] [184]
Overfull \hbox (2.85664pt too wide) in paragraph at lines 7615--7616
[]\OT1/cmr/m/n/10 (-20) "$$Sleduj^^Su po-hyb ob-jek-tov na po^^Tc^^S^^Pta^^Tci,
 v^^Tsak?"$$ Mrana ria-dila a tak sa nes^^Sustredila
 []

[185] [186] [187] [188] [189] [190]
Kapitola 15.
[191

] [192] [193] [194] [195]
Overfull \hbox (8.8373pt too wide) in paragraph at lines 7967--7968
[]\OT1/cmr/m/n/10 (-20) "$$Po^^Tckaj, e^^Tste som nedopovedala."$$ A po-kra^^Tc
ovala. "$$A na-sto-lit[] vl^^Sadu Spolo^^Tcenstva
 []


Overfull \hbox (4.68214pt too wide) in paragraph at lines 7967--7968
\OT1/cmr/m/n/10 (-20) a D... Len d^^Sufam, ^^Tze to hned[] ne-pre-kukn^^Su. Mal
i by sme sa za-po-jit[] do Tramt^^Sarijsk^^Seho
 []

[196] [197]
Overfull \hbox (4.91869pt too wide) in paragraph at lines 8111--8112
[]\OT1/cmr/m/n/10 (-20) "$$Tarny! Tu-lienka Del[]a! Zo-bud[]te sa! Ne-jak^^Sa i
ch rastlina..."$$ St^^Sale spali. "$$Zobud[]te
 []

[198] [199] [200] [201]
Overfull \hbox (6.30173pt too wide) in paragraph at lines 8185--8186
[]\OT1/cmr/m/n/10 (-20) "$$Ty dobre vie^^Ts, ^^Tco ti Wy-mys-len-sko vzalo. Mus
^^S^^Pme po^^Tckat[] na vhodn^^Su pr^^S^^Ple^^Tzitost[].\ 
 []

[202] [203] [204] [205] [206]
Kapitola 16.

Overfull \hbox (2.30608pt too wide) in paragraph at lines 8395--8396
[]\OT1/cmr/m/n/10 (-20) "$$Iba vo vel[]mi z^^Sufal^^Sych pr^^S^^Ppadoch."$$ Po-
ve-dala, pri^^Tcom slovo []z^^Sufal^^Sych` zd^oraznila. 
 []

[207

] [208] [209] [210] [211] [212] [213]
Overfull \hbox (3.06117pt too wide) in paragraph at lines 8771--8772
[]\OT1/cmr/m/n/10 (-20) "$$Mus^^S^^Pm ^^S^^Pst[] do agent^^Sury, akon^^Sahle to
 dop^^S^^P^^Tse^^Ts. A mus^^S^^Pme vy-rie^^Tsit[] t^^Su nepr^^S^^Pjemnost[]
 []

[214] [215] [216] [217] [218

]
Kapitola 17.
[219] [220] [221] [222] [223] [224] [225]
Overfull \hbox (9.03995pt too wide) in paragraph at lines 9261--9262
[]\OT1/cmr/m/n/10 (-20) "$$Presta^^Tnte, kone^^Tcne!"$$ Za-siahla Tu-lienka Del
[]a. "$$Pauline, d^^Sa sa tu pre-miest^^Tnovat[]?"$$
 []

[226] [227] [228] [229] [230] [231] [232

]
Kapitola 18.

Package hyperref Warning: Composite letter `\textasciicaron+n'
(hyperref)                not defined in PD1 encoding,
(hyperref)                removing `\textasciicaron' on input line 9451.


Package hyperref Warning: Composite letter `\textasciicaron+l'
(hyperref)                not defined in PD1 encoding,
(hyperref)                removing `\textasciicaron' on input line 9451.

[233] [234] [235]
Overfull \hbox (2.25224pt too wide) in paragraph at lines 9569--9570
[]\OT1/cmr/m/n/10 (-20) "$$Sn^^S^^Pvanie je len d[]al^^Ts^^S^^P sp^osob, ako vz
nik^^Sa po-krok. Sen skuto^^Tcnost[]ou a skuto^^Tcnost[]
 []

[236] [237] [238] [239] [240] [241] [242]
Overfull \hbox (11.1637pt too wide) in paragraph at lines 9765--9766
[]\OT1/cmr/m/n/10 (-20) "$$Azma'Goonov^^Sa nem^^Sa pr^^Savo ve-diet[] viac, ako
 ahma'Medizo a ahma'Amaz'ha^^Tgha
 []

[243]
Overfull \hbox (4.01056pt too wide) in paragraph at lines 9777--9778
[]\OT1/cmr/m/n/10 (-20) "$$To je v po-hode, za-tial[] sa azma'polod^^Semonka ne
-zme-nila na ni-koho v^^Syznamn^^Seho,
 []

[244] [245]
Overfull \hbox (4.061pt too wide) in paragraph at lines 9837--9838
[]\OT1/cmr/m/n/10 (-20) Zabo^^Tcili do jed-nej z cho-dieb a po-kra^^Tcovali kom
-ple-xom. ked[] boli pri priehl[]adnom
 []

[246] [247] [248] [249]
Overfull \hbox (0.16281pt too wide) in paragraph at lines 10017--10018
[]\OT1/cmr/m/n/10 (-20) "$$A tieto tvoje ses-try? Im va-dit[] ne-bude, ^^Tze tu
 po-chy-buje^^Ts o v^oli Ahma'Treta'ji?\ 
 []


Overfull \hbox (3.77774pt too wide) in paragraph at lines 10023--10024
[]\OT1/cmr/m/n/10 (-20) "$$Rob^^S^^Pm v^^Tsetko pre jej a na^^Tsu sl^^Savu, ^^S
o Ahma'Treta'ji, ale boj^^S^^Pm sa, ahma'Medizo.
 []

[250] [251] [252]
Overfull \hbox (27.87558pt too wide) in paragraph at lines 10101--10102
[]\OT1/cmr/m/n/10 (-20) "$$Ahma'Treta'ji n^^Sas ochra^^Tnuj, pri v^^Tsetk^^Sych
 padl^^Sych... []Co sa stalo, azma'Amaz'ha^^Tja?!"$$
 []

[253]
Overfull \hbox (2.98666pt too wide) in paragraph at lines 10141--10142
[]\OT1/cmr/m/n/10 (-20) "$$[]Ze tu nen^^Savidia mu^^Tzov, o^^Tcividne! Tak pou^
^Tzi zmyslovku!"$$ Zvreskla v n^^Sahodnom
 []


Overfull \hbox (10.84496pt too wide) in paragraph at lines 10143--10144
[]\OT1/cmr/m/n/10 (-20) "$$Kde je Pauline?!"$$ Vykr^^S^^Pkol Tarny. Ne-uve-do-m
il si pl^^San Tu-lienky Deli. Amaz'hana
 []

[254] [255] [256] [257] [258] [259] [260] [261] [262] [263] [264

]
Kapitola 19.

Package hyperref Warning: Composite letter `\textasciicaron+l'
(hyperref)                not defined in PD1 encoding,
(hyperref)                removing `\textasciicaron' on input line 10427.


Package hyperref Warning: Composite letter `\textasciicaron+n'
(hyperref)                not defined in PD1 encoding,
(hyperref)                removing `\textasciicaron' on input line 10427.

[265]
Overfull \hbox (20.71112pt too wide) in paragraph at lines 10451--10452
\OT1/cmr/m/n/10 (-20) moju vieru? []Ci ja som v^^Sas, ahma'Amaz'ke'u ne-vyhl[]a
dala, ked[] Ahta'ahma'Amaz'le^^Tgha
 []


Overfull \hbox (8.19783pt too wide) in paragraph at lines 10473--10474
[]\OT1/cmr/m/n/10 (-20) "$$Amha'Amaz'ke'u, Ahma'Treta'ji za-chr^^Sanila svoju v
e-lek^^Tna^^Tzku z rodu Amaz'han,
 []

[266]
Overfull \hbox (5.345pt too wide) in paragraph at lines 10475--10476
[]\OT1/cmr/m/n/10 (-20) "$$Len ve-lek^^Tna^^Tzka a k^^Tna^^Tzky skrze ^^Tnu m^o
^^Tzu s Ahma'Treta'ji ho-vo-rit[]. Amha'Medizo
 []

[267]
Overfull \hbox (6.63664pt too wide) in paragraph at lines 10505--10506
[]\OT1/cmr/m/n/10 (-20) "$$To je kore^^Tn v^^Tsetk^^Seho, amha'velek^^Tna^^Tzka
. Tak pra-via pro-roctv^^Sa od Ahma'Treta'ji.
 []

[268]
Overfull \hbox (6.83333pt too wide) in paragraph at lines 10535--10536
[]\OT1/cmr/m/n/10 (-20) Pokora u Amaz'han bola len pri Ahma'Treta'ji, alebo pri
 ve-lek^^Tna^^Tzke. Amaz'hany
 []

[269]
Overfull \hbox (6.41562pt too wide) in paragraph at lines 10573--10574
[]\OT1/cmr/m/n/10 (-20) "$$V^^Tsetky no-vicky do mal^^Seho chr^^Samu! V^^Tsetky
 Amaz'hany, ^^Tcujte, Ahma'Amaz'ke'u
 []

[270] [271] [272]
Overfull \hbox (3.7512pt too wide) in paragraph at lines 10639--10640
\OT1/cmr/m/n/10 (-20) prehl^^Sasit[] si do-vo-lit[] m^o^^Tzem, ahma'Amaz'ke'u. 
Lebo ^^Tci je ahma'corlovne Amaz'hana?
 []

[273]
Overfull \hbox (10.44173pt too wide) in paragraph at lines 10651--10652
[]\OT1/cmr/m/n/10 (-20) Opovrhovala, rov-nako ako v^^Tsetky Amaz'hany os-tatn^^
Symi ra-sami, ktor^^Se pova^^Tzovala
 []

[274]
Overfull \hbox (24.2451pt too wide) in paragraph at lines 10663--10664
[]\OT1/cmr/m/n/10 (-20) "$$Nech mi Ahma'Treta'ji od-pust^^S^^P moju tr^^Sufalos
t[] a nech mi od-pust^^S^^P i ahma'velek^^Tna^^Tzka.
 []


Overfull \hbox (26.98842pt too wide) in paragraph at lines 10663--10664
\OT1/cmr/m/n/10 (-20) Ja som iba zo-vero a ne-patr^^S^^P mi po^^Tzehnanie Amaz'
han ani va^^Tsa m^^Sudrost[], ahma'Amaz'ke'u.
 []

[275] [276]
Overfull \hbox (2.73996pt too wide) in paragraph at lines 10721--10722
[]\OT1/cmr/m/n/10 (-20) Zareagovala r^^Sychlo, ako vy-cvi^^Tcen^^Sa Amaz'hana. 
Ne-vy-ze-rala na ni-koho d^ole^^Tzit^^Seho
 []

[277] [278] [279] [280]
Overfull \hbox (44.17511pt too wide) in paragraph at lines 10825--10826
[]\OT1/cmr/m/n/10 (-20) "$$Ahma'Amaz'ke'u! Nech Ahma'Treta'ji pri n^^Sas stoj^^
S^^P! Po-tre-bu-jeme v^^Sas, ahma'Amaz'ke'u!"$$
 []

[281] [282] [283] [284

]
Kapitola 20.
[285] [286]
Overfull \hbox (9.04831pt too wide) in paragraph at lines 11018--11019
\OT1/cmr/m/n/10 (-20) ovl^^Sadanie ino-pol^^S^^P. Me-cha-niz-mus ne-bol v[]a^^T
c^^Tsine zn^^Samy, ani do ma-gick^^Seho spolo^^Tcenstva
 []

[287] [288] [289] [290] [291] [292

]
Kapitola 21.
[293] [294] [295]
Overfull \hbox (13.635pt too wide) in paragraph at lines 11314--11315
[]\OT1/cmr/m/n/10 (-20) "$$Nem^o^^Tzete..."$$ Opa-ko-vali a po-stupne, po ka^^T
zdom slove sa ich po^^Tcet zdvojn^^Sasoboval. 
 []

[296] [297] [298] [299] [300]
Package atveryend Info: Empty hook `BeforeClearDocument' on input line 11581.
 [301]
Package atveryend Info: Empty hook `AfterLastShipout' on input line 11581.
 (./Rod Tlogena.aux)
Package atveryend Info: Executing hook `AtVeryEndDocument' on input line 11581.

Package atveryend Info: Executing hook `AtEndAfterFileList' on input line 11581
.
Package rerunfilecheck Info: File `"Rod Tlogena".out' has not changed.
(rerunfilecheck)             Checksum: 59CB8AE8FF8BEE259EAF1A26A6F1D01C;1185.
Package atveryend Info: Empty hook `AtVeryVeryEnd' on input line 11581.
 ) 
Here is how much of TeX's memory you used:
 10012 strings out of 493103
 147339 string characters out of 6137677
 280278 words of memory out of 5000000
 12935 multiletter control sequences out of 15000+600000
 16954 words of font info for 112 fonts, out of 8000000 for 9000
 1137 hyphenation exceptions out of 8191
 44i,12n,43p,4902b,471s stack positions out of 5000i,500n,10000p,200000b,80000s
</usr/share/texlive/texmf-dist/fonts/type1/public/amsfonts/cm/cmbx10.pfb></us
r/share/texlive/texmf-dist/fonts/type1/public/amsfonts/cm/cmbx12.pfb></usr/shar
e/texlive/texmf-dist/fonts/type1/public/amsfonts/cm/cmbxti10.pfb></usr/share/te
xlive/texmf-dist/fonts/type1/public/amsfonts/cm/cmr10.pfb></usr/share/texlive/t
exmf-dist/fonts/type1/public/amsfonts/cm/cmr12.pfb></usr/share/texlive/texmf-di
st/fonts/type1/public/amsfonts/cm/cmr17.pfb></usr/share/texlive/texmf-dist/font
s/type1/public/amsfonts/cm/cmti10.pfb></usr/share/texlive/texmf-dist/fonts/type
1/public/amsfonts/cm/cmtt10.pfb>
Output written on "Rod Tlogena.pdf" (301 pages, 1243523 bytes).
PDF statistics:
 1498 PDF objects out of 1728 (max. 8388607)
 1175 compressed objects within 12 object streams
 325 named destinations out of 1000 (max. 500000)
 14001 words of extra memory for PDF output out of 14400 (max. 10000000)

