\BOOKMARK [0][-]{chapter*.2}{Prol\363g}{}% 1
\BOOKMARK [0][-]{chapter.1}{Po rokoch}{}% 2
\BOOKMARK [0][-]{chapter.2}{Sp\344t do sveta}{}% 3
\BOOKMARK [0][-]{chapter.3}{Nevermore}{}% 4
\BOOKMARK [0][-]{chapter.4}{Tajomstv\341 Piktop\355sma}{}% 5
\BOOKMARK [0][-]{chapter.5}{Pr\372d tyrkysovej}{}% 6
\BOOKMARK [0][-]{chapter.6}{Stretnutia}{}% 7
\BOOKMARK [0][-]{chapter.7}{Povedan\351 a nevypocut\351}{}% 8
\BOOKMARK [0][-]{chapter.8}{Staronov\341 rodina}{}% 9
\BOOKMARK [0][-]{chapter.9}{Deoque a Nevermore}{}% 10
\BOOKMARK [0][-]{chapter.10}{\227krt cez rozpocet}{}% 11
\BOOKMARK [0][-]{chapter.11}{Kovov\351 zjavenie}{}% 12
\BOOKMARK [0][-]{chapter.12}{Fequelova stopa}{}% 13
\BOOKMARK [0][-]{chapter.13}{Vypocutie}{}% 14
\BOOKMARK [0][-]{chapter.14}{N\341v\235tevn\355k}{}% 15
\BOOKMARK [0][-]{chapter.15}{Quert}{}% 16
\BOOKMARK [0][-]{chapter.16}{Hlavn\375 s\372druh v\341s v\355ta}{}% 17
\BOOKMARK [0][-]{chapter.17}{Br\341ny Svetov}{}% 18
\BOOKMARK [0][-]{chapter.18}{Vl\341dkyna troch tab\372l}{}% 19
\BOOKMARK [0][-]{chapter.19}{Velk\341 zbran}{}% 20
\BOOKMARK [0][-]{chapter.20}{V tieni striebornej \236iary}{}% 21
\BOOKMARK [0][-]{chapter.21}{Pr\355buzn\375 Alchymista}{}% 22
